# JRE version: Java(TM) SE Runtime Environment (8.0_101-b13) (build 1.8.0_101-b13)
# Java VM: Java HotSpot(TM) 64-Bit Server VM (25.101-b13 mixed mode windows-amd64 compressed oops)
Heap:
 PSYoungGen      total 35328K, used 21037K [0x00000000d5b80000, 0x00000000d8500000, 0x0000000100000000)
  eden space 29184K, 69% used [0x00000000d5b80000,0x00000000d6f33660,0x00000000d7800000)
  from space 6144K, 14% used [0x00000000d7f00000,0x00000000d7fd8000,0x00000000d8500000)
  to   space 6656K, 0% used [0x00000000d7800000,0x00000000d7800000,0x00000000d7e80000)
 ParOldGen       total 87552K, used 3652K [0x0000000081200000, 0x0000000086780000, 0x00000000d5b80000)
  object space 87552K, 4% used [0x0000000081200000,0x00000000815911f8,0x0000000086780000)
 Metaspace       used 15032K, capacity 15224K, committed 15488K, reserved 1062912K
  class space    used 1500K, capacity 1569K, committed 1664K, reserved 1048576K
GC Heap History (10 events):
Event: 353.676 GC heap before
{Heap before GC invocations=8 (full 0):
 PSYoungGen      total 36864K, used 32736K [0x00000000d5b80000, 0x00000000d8580000, 0x0000000100000000)
  eden space 31744K, 100% used [0x00000000d5b80000,0x00000000d7a80000,0x00000000d7a80000)
  from space 5120K, 19% used [0x00000000d7b00000,0x00000000d7bf8000,0x00000000d8000000)
  to   space 5632K, 0% used [0x00000000d8000000,0x00000000d8000000,0x00000000d8580000)
 ParOldGen       total 87552K, used 3540K [0x0000000081200000, 0x0000000086780000, 0x00000000d5b80000)
  object space 87552K, 4% used [0x0000000081200000,0x00000000815751f8,0x0000000086780000)
 Metaspace       used 14880K, capacity 15096K, committed 15232K, reserved 1062912K
  class space    used 1491K, capacity 1569K, committed 1664K, reserved 1048576K
Event: 353.685 GC heap after
Heap after GC invocations=8 (full 0):
 PSYoungGen      total 36864K, used 960K [0x00000000d5b80000, 0x00000000d8600000, 0x0000000100000000)
  eden space 31232K, 0% used [0x00000000d5b80000,0x00000000d5b80000,0x00000000d7a00000)
  from space 5632K, 17% used [0x00000000d8000000,0x00000000d80f0000,0x00000000d8580000)
  to   space 6144K, 0% used [0x00000000d7a00000,0x00000000d7a00000,0x00000000d8000000)
 ParOldGen       total 87552K, used 3628K [0x0000000081200000, 0x0000000086780000, 0x00000000d5b80000)
  object space 87552K, 4% used [0x0000000081200000,0x000000008158b1f8,0x0000000086780000)
 Metaspace       used 14880K, capacity 15096K, committed 15232K, reserved 1062912K
  class space    used 1491K, capacity 1569K, committed 1664K, reserved 1048576K
}
Event: 403.206 GC heap before
{Heap before GC invocations=9 (full 0):
 PSYoungGen      total 36864K, used 32192K [0x00000000d5b80000, 0x00000000d8600000, 0x0000000100000000)
  eden space 31232K, 100% used [0x00000000d5b80000,0x00000000d7a00000,0x00000000d7a00000)
  from space 5632K, 17% used [0x00000000d8000000,0x00000000d80f0000,0x00000000d8580000)
  to   space 6144K, 0% used [0x00000000d7a00000,0x00000000d7a00000,0x00000000d8000000)
 ParOldGen       total 87552K, used 3628K [0x0000000081200000, 0x0000000086780000, 0x00000000d5b80000)
  object space 87552K, 4% used [0x0000000081200000,0x000000008158b1f8,0x0000000086780000)
 Metaspace       used 14880K, capacity 15096K, committed 15232K, reserved 1062912K
  class space    used 1491K, capacity 1569K, committed 1664K, reserved 1048576K
Event: 403.218 GC heap after
Heap after GC invocations=9 (full 0):
 PSYoungGen      total 36864K, used 896K [0x00000000d5b80000, 0x00000000d8680000, 0x0000000100000000)
  eden space 30720K, 0% used [0x00000000d5b80000,0x00000000d5b80000,0x00000000d7980000)
  from space 6144K, 14% used [0x00000000d7a00000,0x00000000d7ae0000,0x00000000d8000000)
  to   space 6656K, 0% used [0x00000000d8000000,0x00000000d8000000,0x00000000d8680000)
 ParOldGen       total 87552K, used 3644K [0x0000000081200000, 0x0000000086780000, 0x00000000d5b80000)
  object space 87552K, 4% used [0x0000000081200000,0x000000008158f1f8,0x0000000086780000)
 Metaspace       used 14880K, capacity 15096K, committed 15232K, reserved 1062912K
  class space    used 1491K, capacity 1569K, committed 1664K, reserved 1048576K
}
Event: 448.890 GC heap before
{Heap before GC invocations=10 (full 0):
 PSYoungGen      total 36864K, used 31616K [0x00000000d5b80000, 0x00000000d8680000, 0x0000000100000000)
  eden space 30720K, 100% used [0x00000000d5b80000,0x00000000d7980000,0x00000000d7980000)
  from space 6144K, 14% used [0x00000000d7a00000,0x00000000d7ae0000,0x00000000d8000000)
  to   space 6656K, 0% used [0x00000000d8000000,0x00000000d8000000,0x00000000d8680000)
 ParOldGen       total 87552K, used 3644K [0x0000000081200000, 0x0000000086780000, 0x00000000d5b80000)
  object space 87552K, 4% used [0x0000000081200000,0x000000008158f1f8,0x0000000086780000)
 Metaspace       used 14880K, capacity 15096K, committed 15232K, reserved 1062912K
  class space    used 1491K, capacity 1569K, committed 1664K, reserved 1048576K
Event: 448.912 GC heap after
Heap after GC invocations=10 (full 0):
 PSYoungGen      total 36352K, used 896K [0x00000000d5b80000, 0x00000000d8600000, 0x0000000100000000)
  eden space 30208K, 0% used [0x00000000d5b80000,0x00000000d5b80000,0x00000000d7900000)
  from space 6144K, 14% used [0x00000000d8000000,0x00000000d80e0000,0x00000000d8600000)
  to   space 6656K, 0% used [0x00000000d7900000,0x00000000d7900000,0x00000000d7f80000)
 ParOldGen       total 87552K, used 3644K [0x0000000081200000, 0x0000000086780000, 0x00000000d5b80000)
  object space 87552K, 4% used [0x0000000081200000,0x000000008158f1f8,0x0000000086780000)
 Metaspace       used 14880K, capacity 15096K, committed 15232K, reserved 1062912K
  class space    used 1491K, capacity 1569K, committed 1664K, reserved 1048576K
}
Event: 498.328 GC heap before
{Heap before GC invocations=11 (full 0):
 PSYoungGen      total 36352K, used 31104K [0x00000000d5b80000, 0x00000000d8600000, 0x0000000100000000)
  eden space 30208K, 100% used [0x00000000d5b80000,0x00000000d7900000,0x00000000d7900000)
  from space 6144K, 14% used [0x00000000d8000000,0x00000000d80e0000,0x00000000d8600000)
  to   space 6656K, 0% used [0x00000000d7900000,0x00000000d7900000,0x00000000d7f80000)
 ParOldGen       total 87552K, used 3644K [0x0000000081200000, 0x0000000086780000, 0x00000000d5b80000)
  object space 87552K, 4% used [0x0000000081200000,0x000000008158f1f8,0x0000000086780000)
 Metaspace       used 14880K, capacity 15096K, committed 15232K, reserved 1062912K
  class space    used 1491K, capacity 1569K, committed 1664K, reserved 1048576K
Event: 498.345 GC heap after
Heap after GC invocations=11 (full 0):
 PSYoungGen      total 30720K, used 864K [0x00000000d5b80000, 0x00000000d8580000, 0x0000000100000000)
  eden space 29696K, 0% used [0x00000000d5b80000,0x00000000d5b80000,0x00000000d7880000)
  from space 1024K, 84% used [0x00000000d7900000,0x00000000d79d8000,0x00000000d7a00000)
  to   space 6656K, 0% used [0x00000000d7f00000,0x00000000d7f00000,0x00000000d8580000)
 ParOldGen       total 87552K, used 3644K [0x0000000081200000, 0x0000000086780000, 0x00000000d5b80000)
  object space 87552K, 4% used [0x0000000081200000,0x000000008158f1f8,0x0000000086780000)
 Metaspace       used 14880K, capacity 15096K, committed 15232K, reserved 1062912K
  class space    used 1491K, capacity 1569K, committed 1664K, reserved 1048576K
}
Event: 546.110 GC heap before
{Heap before GC invocations=12 (full 0):
 PSYoungGen      total 30720K, used 30560K [0x00000000d5b80000, 0x00000000d8580000, 0x0000000100000000)
  eden space 29696K, 100% used [0x00000000d5b80000,0x00000000d7880000,0x00000000d7880000)
  from space 1024K, 84% used [0x00000000d7900000,0x00000000d79d8000,0x00000000d7a00000)
  to   space 6656K, 0% used [0x00000000d7f00000,0x00000000d7f00000,0x00000000d8580000)
 ParOldGen       total 87552K, used 3644K [0x0000000081200000, 0x0000000086780000, 0x00000000d5b80000)
  object space 87552K, 4% used [0x0000000081200000,0x000000008158f1f8,0x0000000086780000)
 Metaspace       used 14985K, capacity 15160K, committed 15488K, reserved 1062912K
  class space    used 1491K, capacity 1569K, committed 1664K, reserved 1048576K
Event: 546.116 GC heap after
Heap after GC invocations=12 (full 0):
 PSYoungGen      total 35328K, used 864K [0x00000000d5b80000, 0x00000000d8500000, 0x0000000100000000)
  eden space 29184K, 0% used [0x00000000d5b80000,0x00000000d5b80000,0x00000000d7800000)
  from space 6144K, 14% used [0x00000000d7f00000,0x00000000d7fd8000,0x00000000d8500000)
  to   space 6656K, 0% used [0x00000000d7800000,0x00000000d7800000,0x00000000d7e80000)
 ParOldGen       total 87552K, used 3652K [0x0000000081200000, 0x0000000086780000, 0x00000000d5b80000)
  object space 87552K, 4% used [0x0000000081200000,0x00000000815911f8,0x0000000086780000)
 Metaspace       used 14985K, capacity 15160K, committed 15488K, reserved 1062912K
  class space    used 1491K, capacity 1569K, committed 1664K, reserved 1048576K
}

