# JRE version: Java(TM) SE Runtime Environment (8.0_101-b13) (build 1.8.0_101-b13)
# Java VM: Java HotSpot(TM) 64-Bit Server VM (25.101-b13 mixed mode windows-amd64 compressed oops)
Heap:
 PSYoungGen      total 36864K, used 34825K [0x00000000d5b80000, 0x00000000d8500000, 0x0000000100000000)
  eden space 32256K, 94% used [0x00000000d5b80000,0x00000000d791d9a0,0x00000000d7b00000)
  from space 4608K, 97% used [0x00000000d8080000,0x00000000d84e4d48,0x00000000d8500000)
  to   space 5120K, 0% used [0x00000000d7b00000,0x00000000d7b00000,0x00000000d8000000)
 ParOldGen       total 87552K, used 24K [0x0000000081200000, 0x0000000086780000, 0x00000000d5b80000)
  object space 87552K, 0% used [0x0000000081200000,0x0000000081206000,0x0000000086780000)
 Metaspace       used 15014K, capacity 15234K, committed 15488K, reserved 1062912K
  class space    used 1504K, capacity 1572K, committed 1664K, reserved 1048576K
GC Heap History (10 events):
Event: 43.665 GC heap before
{Heap before GC invocations=2 (full 0):
 PSYoungGen      total 38400K, used 38133K [0x00000000d5b80000, 0x00000000d8600000, 0x0000000100000000)
  eden space 33280K, 100% used [0x00000000d5b80000,0x00000000d7c00000,0x00000000d7c00000)
  from space 5120K, 94% used [0x00000000d7c00000,0x00000000d80bd5f0,0x00000000d8100000)
  to   space 5120K, 0% used [0x00000000d8100000,0x00000000d8100000,0x00000000d8600000)
 ParOldGen       total 87552K, used 0K [0x0000000081200000, 0x0000000086780000, 0x00000000d5b80000)
  object space 87552K, 0% used [0x0000000081200000,0x0000000081200000,0x0000000086780000)
 Metaspace       used 14874K, capacity 15096K, committed 15232K, reserved 1062912K
  class space    used 1493K, capacity 1569K, committed 1664K, reserved 1048576K
Event: 43.709 GC heap after
Heap after GC invocations=2 (full 0):
 PSYoungGen      total 38400K, used 4404K [0x00000000d5b80000, 0x00000000d8600000, 0x0000000100000000)
  eden space 33280K, 0% used [0x00000000d5b80000,0x00000000d5b80000,0x00000000d7c00000)
  from space 5120K, 86% used [0x00000000d8100000,0x00000000d854d028,0x00000000d8600000)
  to   space 5120K, 0% used [0x00000000d7c00000,0x00000000d7c00000,0x00000000d8100000)
 ParOldGen       total 87552K, used 8K [0x0000000081200000, 0x0000000086780000, 0x00000000d5b80000)
  object space 87552K, 0% used [0x0000000081200000,0x0000000081202000,0x0000000086780000)
 Metaspace       used 14874K, capacity 15096K, committed 15232K, reserved 1062912K
  class space    used 1493K, capacity 1569K, committed 1664K, reserved 1048576K
}
Event: 101.192 GC heap before
{Heap before GC invocations=3 (full 0):
 PSYoungGen      total 38400K, used 37684K [0x00000000d5b80000, 0x00000000d8600000, 0x0000000100000000)
  eden space 33280K, 100% used [0x00000000d5b80000,0x00000000d7c00000,0x00000000d7c00000)
  from space 5120K, 86% used [0x00000000d8100000,0x00000000d854d028,0x00000000d8600000)
  to   space 5120K, 0% used [0x00000000d7c00000,0x00000000d7c00000,0x00000000d8100000)
 ParOldGen       total 87552K, used 8K [0x0000000081200000, 0x0000000086780000, 0x00000000d5b80000)
  object space 87552K, 0% used [0x0000000081200000,0x0000000081202000,0x0000000086780000)
 Metaspace       used 14886K, capacity 15106K, committed 15488K, reserved 1062912K
  class space    used 1495K, capacity 1572K, committed 1664K, reserved 1048576K
Event: 101.228 GC heap after
Heap after GC invocations=3 (full 0):
 PSYoungGen      total 38400K, used 4371K [0x00000000d5b80000, 0x00000000d8600000, 0x0000000100000000)
  eden space 33280K, 0% used [0x00000000d5b80000,0x00000000d5b80000,0x00000000d7c00000)
  from space 5120K, 85% used [0x00000000d7c00000,0x00000000d8044d48,0x00000000d8100000)
  to   space 5120K, 0% used [0x00000000d8100000,0x00000000d8100000,0x00000000d8600000)
 ParOldGen       total 87552K, used 16K [0x0000000081200000, 0x0000000086780000, 0x00000000d5b80000)
  object space 87552K, 0% used [0x0000000081200000,0x0000000081204000,0x0000000086780000)
 Metaspace       used 14886K, capacity 15106K, committed 15488K, reserved 1062912K
  class space    used 1495K, capacity 1572K, committed 1664K, reserved 1048576K
}
Event: 159.843 GC heap before
{Heap before GC invocations=4 (full 0):
 PSYoungGen      total 38400K, used 37651K [0x00000000d5b80000, 0x00000000d8600000, 0x0000000100000000)
  eden space 33280K, 100% used [0x00000000d5b80000,0x00000000d7c00000,0x00000000d7c00000)
  from space 5120K, 85% used [0x00000000d7c00000,0x00000000d8044d48,0x00000000d8100000)
  to   space 5120K, 0% used [0x00000000d8100000,0x00000000d8100000,0x00000000d8600000)
 ParOldGen       total 87552K, used 16K [0x0000000081200000, 0x0000000086780000, 0x00000000d5b80000)
  object space 87552K, 0% used [0x0000000081200000,0x0000000081204000,0x0000000086780000)
 Metaspace       used 14972K, capacity 15170K, committed 15488K, reserved 1062912K
  class space    used 1496K, capacity 1572K, committed 1664K, reserved 1048576K
Event: 159.867 GC heap after
Heap after GC invocations=4 (full 0):
 PSYoungGen      total 38400K, used 4499K [0x00000000d5b80000, 0x00000000d8600000, 0x0000000100000000)
  eden space 33280K, 0% used [0x00000000d5b80000,0x00000000d5b80000,0x00000000d7c00000)
  from space 5120K, 87% used [0x00000000d8100000,0x00000000d8564d48,0x00000000d8600000)
  to   space 5120K, 0% used [0x00000000d7c00000,0x00000000d7c00000,0x00000000d8100000)
 ParOldGen       total 87552K, used 24K [0x0000000081200000, 0x0000000086780000, 0x00000000d5b80000)
  object space 87552K, 0% used [0x0000000081200000,0x0000000081206000,0x0000000086780000)
 Metaspace       used 14972K, capacity 15170K, committed 15488K, reserved 1062912K
  class space    used 1496K, capacity 1572K, committed 1664K, reserved 1048576K
}
Event: 211.746 GC heap before
{Heap before GC invocations=5 (full 0):
 PSYoungGen      total 38400K, used 37779K [0x00000000d5b80000, 0x00000000d8600000, 0x0000000100000000)
  eden space 33280K, 100% used [0x00000000d5b80000,0x00000000d7c00000,0x00000000d7c00000)
  from space 5120K, 87% used [0x00000000d8100000,0x00000000d8564d48,0x00000000d8600000)
  to   space 5120K, 0% used [0x00000000d7c00000,0x00000000d7c00000,0x00000000d8100000)
 ParOldGen       total 87552K, used 24K [0x0000000081200000, 0x0000000086780000, 0x00000000d5b80000)
  object space 87552K, 0% used [0x0000000081200000,0x0000000081206000,0x0000000086780000)
 Metaspace       used 14985K, capacity 15170K, committed 15488K, reserved 1062912K
  class space    used 1496K, capacity 1572K, committed 1664K, reserved 1048576K
Event: 211.768 GC heap after
Heap after GC invocations=5 (full 0):
 PSYoungGen      total 37376K, used 4499K [0x00000000d5b80000, 0x00000000d8580000, 0x0000000100000000)
  eden space 32768K, 0% used [0x00000000d5b80000,0x00000000d5b80000,0x00000000d7b80000)
  from space 4608K, 97% used [0x00000000d7c00000,0x00000000d8064d48,0x00000000d8080000)
  to   space 5120K, 0% used [0x00000000d8080000,0x00000000d8080000,0x00000000d8580000)
 ParOldGen       total 87552K, used 24K [0x0000000081200000, 0x0000000086780000, 0x00000000d5b80000)
  object space 87552K, 0% used [0x0000000081200000,0x0000000081206000,0x0000000086780000)
 Metaspace       used 14985K, capacity 15170K, committed 15488K, reserved 1062912K
  class space    used 1496K, capacity 1572K, committed 1664K, reserved 1048576K
}
Event: 258.621 GC heap before
{Heap before GC invocations=6 (full 0):
 PSYoungGen      total 37376K, used 37267K [0x00000000d5b80000, 0x00000000d8580000, 0x0000000100000000)
  eden space 32768K, 100% used [0x00000000d5b80000,0x00000000d7b80000,0x00000000d7b80000)
  from space 4608K, 97% used [0x00000000d7c00000,0x00000000d8064d48,0x00000000d8080000)
  to   space 5120K, 0% used [0x00000000d8080000,0x00000000d8080000,0x00000000d8580000)
 ParOldGen       total 87552K, used 24K [0x0000000081200000, 0x0000000086780000, 0x00000000d5b80000)
  object space 87552K, 0% used [0x0000000081200000,0x0000000081206000,0x0000000086780000)
 Metaspace       used 14985K, capacity 15170K, committed 15488K, reserved 1062912K
  class space    used 1496K, capacity 1572K, committed 1664K, reserved 1048576K
Event: 258.651 GC heap after
Heap after GC invocations=6 (full 0):
 PSYoungGen      total 36864K, used 4499K [0x00000000d5b80000, 0x00000000d8500000, 0x0000000100000000)
  eden space 32256K, 0% used [0x00000000d5b80000,0x00000000d5b80000,0x00000000d7b00000)
  from space 4608K, 97% used [0x00000000d8080000,0x00000000d84e4d48,0x00000000d8500000)
  to   space 5120K, 0% used [0x00000000d7b00000,0x00000000d7b00000,0x00000000d8000000)
 ParOldGen       total 87552K, used 24K [0x0000000081200000, 0x0000000086780000, 0x00000000d5b80000)
  object space 87552K, 0% used [0x0000000081200000,0x0000000081206000,0x0000000086780000)
 Metaspace       used 14985K, capacity 15170K, committed 15488K, reserved 1062912K
  class space    used 1496K, capacity 1572K, committed 1664K, reserved 1048576K
}

